===================== Iteration 36 - Syscall = 0x8e =====================
[001 010 645 220] : Monitoring loop started !
Execution times :
	User mode execution time 000s 000ms 759us 378ns
	Kernel mode execution time 000s 000ms 000us 000ns
	Total execution time 000s 000ms 759us 378ns
Context switch :
	Voluntary context switches : 12
	Involuntary context switches : 0
Scheduling informations :
	Number of times we have run on this CPU : 53385
	Time spent waiting on runqueue : 12
	Last run on a CPU : 174106s 944ms 206us 730ns
	Last queued to run : 0
Monitoring duration : 0s 000ms 008us 073ns
[001 010 653 293] : Monitoring loop ended !

===================== Iteration 35 - Syscall = 0x8e =====================
[001 008 706 530] : Monitoring loop started !
Execution times :
	User mode execution time 000s 000ms 803us 177ns
	Kernel mode execution time 000s 000ms 000us 000ns
	Total execution time 000s 000ms 803us 177ns
Context switch :
	Voluntary context switches : 12
	Involuntary context switches : 0
Scheduling informations :
	Number of times we have run on this CPU : 786666
	Time spent waiting on runqueue : 12
	Last run on a CPU : 174106s 942ms 240us 688ns
	Last queued to run : 0
Monitoring duration : 0s 000ms 007us 709ns
[001 008 714 239] : Monitoring loop ended !

===================== Iteration 34 - Syscall = 0x8e =====================
[001 006 521 123] : Monitoring loop started !
Execution times :
	User mode execution time 000s 000ms 887us 605ns
	Kernel mode execution time 000s 000ms 000us 000ns
	Total execution time 000s 000ms 887us 605ns
Context switch :
	Voluntary context switches : 13
	Involuntary context switches : 0
Scheduling informations :
	Number of times we have run on this CPU : 983853
	Time spent waiting on runqueue : 13
	Last run on a CPU : 174106s 940ms 062us 823ns
	Last queued to run : 0
Monitoring duration : 0s 000ms 009us 115ns
[001 006 530 238] : Monitoring loop ended !

===================== Iteration 33 - Syscall = 0x8e =====================
[000 939 850 366] : Monitoring loop started !
Execution times :
	User mode execution time 000s 000ms 759us 532ns
	Kernel mode execution time 000s 000ms 000us 000ns
	Total execution time 000s 000ms 759us 532ns
Context switch :
	Voluntary context switches : 12
	Involuntary context switches : 0
Scheduling informations :
	Number of times we have run on this CPU : 577292
	Time spent waiting on runqueue : 12
	Last run on a CPU : 174106s 873ms 406us 521ns
	Last queued to run : 0
Monitoring duration : 0s 000ms 006us 771ns
[000 939 857 137] : Monitoring loop ended !

===================== Iteration 32 - Syscall = 0x8e =====================
[000 938 077 509] : Monitoring loop started !
Execution times :
	User mode execution time 000s 000ms 765us 625ns
	Kernel mode execution time 000s 000ms 000us 000ns
	Total execution time 000s 000ms 765us 625ns
Context switch :
	Voluntary context switches : 12
	Involuntary context switches : 0
Scheduling informations :
	Number of times we have run on this CPU : 1190987
	Time spent waiting on runqueue : 12
	Last run on a CPU : 174106s 871ms 516us 313ns
	Last queued to run : 0
Monitoring duration : 0s 000ms 007us 604ns
[000 938 085 113] : Monitoring loop ended !

===================== Iteration 31 - Syscall = 0x8e =====================
[000 935 494 343] : Monitoring loop started !
Execution times :
	User mode execution time 000s 000ms 915us 522ns
	Kernel mode execution time 000s 000ms 000us 000ns
	Total execution time 000s 000ms 915us 522ns
Context switch :
	Voluntary context switches : 13
	Involuntary context switches : 0
Scheduling informations :
	Number of times we have run on this CPU : 1089216
	Time spent waiting on runqueue : 13
	Last run on a CPU : 174106s 869ms 049us 646ns
	Last queued to run : 0
Monitoring duration : 0s 000ms 009us 635ns
[000 935 503 978] : Monitoring loop ended !

===================== Iteration 30 - Syscall = 0x8e =====================
[000 868 525 618] : Monitoring loop started !
Execution times :
	User mode execution time 000s 000ms 251us 984ns
	Kernel mode execution time 000s 000ms 587us 961ns
	Total execution time 000s 000ms 839us 945ns
Context switch :
	Voluntary context switches : 12
	Involuntary context switches : 0
Scheduling informations :
	Number of times we have run on this CPU : 780990
	Time spent waiting on runqueue : 12
	Last run on a CPU : 174106s 802ms 076us 833ns
	Last queued to run : 0
Monitoring duration : 0s 000ms 007us 760ns
[000 868 533 378] : Monitoring loop ended !

===================== Iteration 29 - Syscall = 0x8e =====================
[000 866 248 388] : Monitoring loop started !
Execution times :
	User mode execution time 000s 000ms 283us 547ns
	Kernel mode execution time 000s 000ms 661us 612ns
	Total execution time 000s 000ms 945us 159ns
Context switch :
	Voluntary context switches : 13
	Involuntary context switches : 0
Scheduling informations :
	Number of times we have run on this CPU : 916353
	Time spent waiting on runqueue : 13
	Last run on a CPU : 174106s 799ms 799us 906ns
	Last queued to run : 0
Monitoring duration : 0s 000ms 008us 281ns
[000 866 256 669] : Monitoring loop ended !

===================== Iteration 28 - Syscall = 0x8e =====================
[000 810 414 147] : Monitoring loop started !
Execution times :
	User mode execution time 000s 000ms 226us 470ns
	Kernel mode execution time 000s 000ms 528us 429ns
	Total execution time 000s 000ms 754us 899ns
Context switch :
	Voluntary context switches : 12
	Involuntary context switches : 0
Scheduling informations :
	Number of times we have run on this CPU : 98592
	Time spent waiting on runqueue : 12
	Last run on a CPU : 174106s 743ms 943us 187ns
	Last queued to run : 0
Monitoring duration : 0s 000ms 008us 021ns
[000 810 422 168] : Monitoring loop ended !

===================== Iteration 27 - Syscall = 0x8e =====================
[000 809 019 726] : Monitoring loop started !
Execution times :
	User mode execution time 000s 000ms 250us 015ns
	Kernel mode execution time 000s 000ms 583us 369ns
	Total execution time 000s 000ms 833us 384ns
Context switch :
	Voluntary context switches : 12
	Involuntary context switches : 0
Scheduling informations :
	Number of times we have run on this CPU : 1169218
	Time spent waiting on runqueue : 12
	Last run on a CPU : 174106s 742ms 545us 635ns
	Last queued to run : 0
Monitoring duration : 0s 000ms 009us 062ns
[000 809 028 788] : Monitoring loop ended !

===================== Iteration 26 - Syscall = 0x8e =====================
[000 806 163 540] : Monitoring loop started !
Execution times :
	User mode execution time 000s 000ms 304us 922ns
	Kernel mode execution time 000s 000ms 711us 484ns
	Total execution time 000s 001ms 016us 406ns
Context switch :
	Voluntary context switches : 13
	Involuntary context switches : 0
Scheduling informations :
	Number of times we have run on this CPU : 1047553
	Time spent waiting on runqueue : 13
	Last run on a CPU : 174106s 739ms 679us 125ns
	Last queued to run : 0
Monitoring duration : 0s 000ms 011us 042ns
[000 806 174 582] : Monitoring loop ended !

===================== Iteration 25 - Syscall = 0x8e =====================
[000 738 201 226] : Monitoring loop started !
Execution times :
	User mode execution time 000s 000ms 275us 375ns
	Kernel mode execution time 000s 000ms 642us 543ns
	Total execution time 000s 000ms 917us 918ns
Context switch :
	Voluntary context switches : 12
	Involuntary context switches : 0
Scheduling informations :
	Number of times we have run on this CPU : 998647
	Time spent waiting on runqueue : 12
	Last run on a CPU : 174106s 671ms 745us 896ns
	Last queued to run : 0
Monitoring duration : 0s 000ms 007us 135ns
[000 738 208 361] : Monitoring loop ended !

===================== Iteration 24 - Syscall = 0x8e =====================
[000 735 757 226] : Monitoring loop started !
Execution times :
	User mode execution time 000s 000ms 264us 906ns
	Kernel mode execution time 000s 000ms 618us 113ns
	Total execution time 000s 000ms 883us 019ns
Context switch :
	Voluntary context switches : 13
	Involuntary context switches : 0
Scheduling informations :
	Number of times we have run on this CPU : 1002500
	Time spent waiting on runqueue : 13
	Last run on a CPU : 174106s 669ms 307us 927ns
	Last queued to run : 0
Monitoring duration : 0s 000ms 009us 375ns
[000 735 766 601] : Monitoring loop ended !

===================== Iteration 23 - Syscall = 0x8e =====================
[000 670 158 443] : Monitoring loop started !
Execution times :
	User mode execution time 000s 000ms 225us 282ns
	Kernel mode execution time 000s 000ms 525us 658ns
	Total execution time 000s 000ms 750us 940ns
Context switch :
	Voluntary context switches : 12
	Involuntary context switches : 0
Scheduling informations :
	Number of times we have run on this CPU : 571925
	Time spent waiting on runqueue : 12
	Last run on a CPU : 174106s 603ms 714us 854ns
	Last queued to run : 0
Monitoring duration : 0s 000ms 008us 230ns
[000 670 166 673] : Monitoring loop ended !

===================== Iteration 22 - Syscall = 0x8e =====================
[000 668 434 857] : Monitoring loop started !
Execution times :
	User mode execution time 000s 000ms 265us 484ns
	Kernel mode execution time 000s 000ms 619us 463ns
	Total execution time 000s 000ms 884us 947ns
Context switch :
	Voluntary context switches : 12
	Involuntary context switches : 0
Scheduling informations :
	Number of times we have run on this CPU : 684793
	Time spent waiting on runqueue : 12
	Last run on a CPU : 174106s 601ms 990us 010ns
	Last queued to run : 0
Monitoring duration : 0s 000ms 006us 979ns
[000 668 441 836] : Monitoring loop ended !

===================== Iteration 21 - Syscall = 0x8e =====================
[000 666 427 886] : Monitoring loop started !
Execution times :
	User mode execution time 000s 000ms 343us 547ns
	Kernel mode execution time 000s 000ms 801us 609ns
	Total execution time 000s 001ms 145us 156ns
Context switch :
	Voluntary context switches : 13
	Involuntary context switches : 0
Scheduling informations :
	Number of times we have run on this CPU : 1854841
	Time spent waiting on runqueue : 13
	Last run on a CPU : 174106s 599ms 980us 322ns
	Last queued to run : 0
Monitoring duration : 0s 000ms 007us 605ns
[000 666 435 491] : Monitoring loop ended !

===================== Iteration 20 - Syscall = 0x8e =====================
[000 608 011 521] : Monitoring loop started !
Execution times :
	User mode execution time 000s 000ms 239us 578ns
	Kernel mode execution time 000s 000ms 559us 015ns
	Total execution time 000s 000ms 798us 593ns
Context switch :
	Voluntary context switches : 12
	Involuntary context switches : 0
Scheduling informations :
	Number of times we have run on this CPU : 871668
	Time spent waiting on runqueue : 12
	Last run on a CPU : 174106s 541ms 558us 551ns
	Last queued to run : 0
Monitoring duration : 0s 000ms 008us 281ns
[000 608 019 802] : Monitoring loop ended !

===================== Iteration 19 - Syscall = 0x8e =====================
[000 605 824 916] : Monitoring loop started !
Execution times :
	User mode execution time 000s 000ms 284us 328ns
	Kernel mode execution time 000s 000ms 663us 432ns
	Total execution time 000s 000ms 947us 760ns
Context switch :
	Voluntary context switches : 13
	Involuntary context switches : 0
Scheduling informations :
	Number of times we have run on this CPU : 535833
	Time spent waiting on runqueue : 13
	Last run on a CPU : 174106s 539ms 373us 187ns
	Last queued to run : 0
Monitoring duration : 0s 000ms 040us 937ns
[000 605 865 853] : Monitoring loop ended !

===================== Iteration 18 - Syscall = 0x8e =====================
[000 540 280 299] : Monitoring loop started !
Execution times :
	User mode execution time 000s 000ms 227us 594ns
	Kernel mode execution time 000s 000ms 531us 053ns
	Total execution time 000s 000ms 758us 647ns
Context switch :
	Voluntary context switches : 12
	Involuntary context switches : 0
Scheduling informations :
	Number of times we have run on this CPU : 502498
	Time spent waiting on runqueue : 12
	Last run on a CPU : 174106s 473ms 820us 687ns
	Last queued to run : 0
Monitoring duration : 0s 000ms 007us 657ns
[000 540 287 956] : Monitoring loop ended !

===================== Iteration 17 - Syscall = 0x8e =====================
[000 538 546 036] : Monitoring loop started !
Execution times :
	User mode execution time 000s 000ms 242us 030ns
	Kernel mode execution time 000s 000ms 564us 738ns
	Total execution time 000s 000ms 806us 768ns
Context switch :
	Voluntary context switches : 12
	Involuntary context switches : 0
Scheduling informations :
	Number of times we have run on this CPU : 789428
	Time spent waiting on runqueue : 12
	Last run on a CPU : 174106s 471ms 967us 614ns
	Last queued to run : 0
Monitoring duration : 0s 000ms 008us 125ns
[000 538 554 161] : Monitoring loop ended !

===================== Iteration 16 - Syscall = 0x8e =====================
[000 536 248 233] : Monitoring loop started !
Execution times :
	User mode execution time 000s 000ms 421us 751ns
	Kernel mode execution time 000s 000ms 984us 083ns
	Total execution time 000s 001ms 405us 834ns
Context switch :
	Voluntary context switches : 13
	Involuntary context switches : 0
Scheduling informations :
	Number of times we have run on this CPU : 293802
	Time spent waiting on runqueue : 13
	Last run on a CPU : 174106s 469ms 796us 051ns
	Last queued to run : 0
Monitoring duration : 0s 000ms 012us 657ns
[000 536 260 890] : Monitoring loop ended !

===================== Iteration 15 - Syscall = 0x8e =====================
[000 468 323 679] : Monitoring loop started !
Execution times :
	User mode execution time 000s 000ms 573us 929ns
	Kernel mode execution time 000s 000ms 335us 081ns
	Total execution time 000s 000ms 909us 010ns
Context switch :
	Voluntary context switches : 12
	Involuntary context switches : 0
Scheduling informations :
	Number of times we have run on this CPU : 863127
	Time spent waiting on runqueue : 12
	Last run on a CPU : 174106s 401ms 871us 155ns
	Last queued to run : 0
Monitoring duration : 0s 000ms 008us 802ns
[000 468 332 481] : Monitoring loop ended !

===================== Iteration 14 - Syscall = 0x8e =====================
[000 465 927 700] : Monitoring loop started !
Execution times :
	User mode execution time 000s 001ms 198us 440ns
	Kernel mode execution time 000s 000ms 000us 000ns
	Total execution time 000s 001ms 198us 440ns
Context switch :
	Voluntary context switches : 13
	Involuntary context switches : 0
Scheduling informations :
	Number of times we have run on this CPU : 2029946
	Time spent waiting on runqueue : 13
	Last run on a CPU : 174106s 399ms 416us 936ns
	Last queued to run : 0
Monitoring duration : 0s 000ms 009us 583ns
[000 465 937 283] : Monitoring loop ended !

===================== Iteration 13 - Syscall = 0x8e =====================
[000 411 044 757] : Monitoring loop started !
Execution times :
	User mode execution time 000s 000ms 961us 668ns
	Kernel mode execution time 000s 000ms 000us 000ns
	Total execution time 000s 000ms 961us 668ns
Context switch :
	Voluntary context switches : 12
	Involuntary context switches : 0
Scheduling informations :
	Number of times we have run on this CPU : 622914
	Time spent waiting on runqueue : 12
	Last run on a CPU : 174106s 344ms 594us 905ns
	Last queued to run : 0
Monitoring duration : 0s 000ms 009us 687ns
[000 411 054 444] : Monitoring loop ended !

===================== Iteration 12 - Syscall = 0x8e =====================
[000 408 901 224] : Monitoring loop started !
Execution times :
	User mode execution time 000s 000ms 294us 127ns
	Kernel mode execution time 000s 001ms 036us 341ns
	Total execution time 000s 001ms 330us 468ns
Context switch :
	Voluntary context switches : 12
	Involuntary context switches : 2
Scheduling informations :
	Number of times we have run on this CPU : 470626
	Time spent waiting on runqueue : 14
	Last run on a CPU : 174106s 342ms 435us 790ns
	Last queued to run : 0
Monitoring duration : 0s 000ms 009us 271ns
[000 408 910 495] : Monitoring loop ended !

===================== Iteration 11 - Syscall = 0x8e =====================
[000 406 396 860] : Monitoring loop started !
Execution times :
	User mode execution time 000s 000ms 000us 000ns
	Kernel mode execution time 000s 000ms 904us 062ns
	Total execution time 000s 000ms 904us 062ns
Context switch :
	Voluntary context switches : 13
	Involuntary context switches : 0
Scheduling informations :
	Number of times we have run on this CPU : 910000
	Time spent waiting on runqueue : 13
	Last run on a CPU : 174106s 339ms 920us 217ns
	Last queued to run : 0
Monitoring duration : 0s 000ms 011us 511ns
[000 406 408 371] : Monitoring loop ended !

===================== Iteration 10 - Syscall = 0x8e =====================
[000 339 071 887] : Monitoring loop started !
Execution times :
	User mode execution time 000s 000ms 000us 000ns
	Kernel mode execution time 000s 000ms 729us 320ns
	Total execution time 000s 000ms 729us 320ns
Context switch :
	Voluntary context switches : 12
	Involuntary context switches : 0
Scheduling informations :
	Number of times we have run on this CPU : 82604
	Time spent waiting on runqueue : 12
	Last run on a CPU : 174106s 272ms 628us 863ns
	Last queued to run : 0
Monitoring duration : 0s 000ms 006us 771ns
[000 339 078 658] : Monitoring loop ended !

===================== Iteration 9 - Syscall = 0x8e =====================
[000 337 663 403] : Monitoring loop started !
Execution times :
	User mode execution time 000s 000ms 000us 000ns
	Kernel mode execution time 000s 000ms 802us 448ns
	Total execution time 000s 000ms 802us 448ns
Context switch :
	Voluntary context switches : 12
	Involuntary context switches : 0
Scheduling informations :
	Number of times we have run on this CPU : 246978
	Time spent waiting on runqueue : 12
	Last run on a CPU : 174106s 271ms 135us 582ns
	Last queued to run : 0
Monitoring duration : 0s 000ms 031us 927ns
[000 337 695 330] : Monitoring loop ended !

===================== Iteration 8 - Syscall = 0x8e =====================
[000 335 754 714] : Monitoring loop started !
Execution times :
	User mode execution time 000s 000ms 000us 000ns
	Kernel mode execution time 000s 000ms 906us 146ns
	Total execution time 000s 000ms 906us 146ns
Context switch :
	Voluntary context switches : 13
	Involuntary context switches : 0
Scheduling informations :
	Number of times we have run on this CPU : 243750
	Time spent waiting on runqueue : 13
	Last run on a CPU : 174106s 269ms 292us 769ns
	Last queued to run : 0
Monitoring duration : 0s 000ms 011us 041ns
[000 335 765 755] : Monitoring loop ended !

===================== Iteration 7 - Syscall = 0x8e =====================
[000 271 904 934] : Monitoring loop started !
Execution times :
	User mode execution time 000s 000ms 000us 000ns
	Kernel mode execution time 000s 000ms 853us 489ns
	Total execution time 000s 000ms 853us 489ns
Context switch :
	Voluntary context switches : 12
	Involuntary context switches : 0
Scheduling informations :
	Number of times we have run on this CPU : 1449323
	Time spent waiting on runqueue : 12
	Last run on a CPU : 174106s 205ms 435us 425ns
	Last queued to run : 0
Monitoring duration : 0s 000ms 007us 396ns
[000 271 912 330] : Monitoring loop ended !

===================== Iteration 6 - Syscall = 0x8e =====================
[000 269 169 789] : Monitoring loop started !
Execution times :
	User mode execution time 000s 000ms 275us 555ns
	Kernel mode execution time 000s 000ms 654us 445ns
	Total execution time 000s 000ms 930us 000ns
Context switch :
	Voluntary context switches : 12
	Involuntary context switches : 1
Scheduling informations :
	Number of times we have run on this CPU : 1378128
	Time spent waiting on runqueue : 13
	Last run on a CPU : 174106s 202ms 719us 436ns
	Last queued to run : 0
Monitoring duration : 0s 000ms 006us 146ns
[000 269 175 935] : Monitoring loop ended !

===================== Iteration 5 - Syscall = 0x8e =====================
[000 266 398 187] : Monitoring loop started !
Execution times :
	User mode execution time 000s 000ms 263us 071ns
	Kernel mode execution time 000s 000ms 624us 793ns
	Total execution time 000s 000ms 887us 864ns
Context switch :
	Voluntary context switches : 12
	Involuntary context switches : 0
Scheduling informations :
	Number of times we have run on this CPU : 1103593
	Time spent waiting on runqueue : 12
	Last run on a CPU : 174106s 199ms 921us 415ns
	Last queued to run : 0
Monitoring duration : 0s 000ms 008us 072ns
[000 266 406 259] : Monitoring loop ended !

===================== Iteration 4 - Syscall = 0x8e =====================
[000 263 911 166] : Monitoring loop started !
Execution times :
	User mode execution time 000s 000ms 234us 398ns
	Kernel mode execution time 000s 000ms 556us 696ns
	Total execution time 000s 000ms 791us 094ns
Context switch :
	Voluntary context switches : 12
	Involuntary context switches : 0
Scheduling informations :
	Number of times we have run on this CPU : 1049270
	Time spent waiting on runqueue : 12
	Last run on a CPU : 174106s 197ms 461us 727ns
	Last queued to run : 0
Monitoring duration : 0s 000ms 006us 875ns
[000 263 918 041] : Monitoring loop ended !

===================== Iteration 3 - Syscall = 0x8e =====================
[000 261 496 072] : Monitoring loop started !
Execution times :
	User mode execution time 000s 000ms 075us 505ns
	Kernel mode execution time 000s 000ms 725us 121ns
	Total execution time 000s 000ms 800us 626ns
Context switch :
	Voluntary context switches : 12
	Involuntary context switches : 0
Scheduling informations :
	Number of times we have run on this CPU : 466457
	Time spent waiting on runqueue : 12
	Last run on a CPU : 174106s 195ms 045us 894ns
	Last queued to run : 0
Monitoring duration : 0s 000ms 006us 615ns
[000 261 502 687] : Monitoring loop ended !

===================== Iteration 2 - Syscall = 0x8e =====================
[000 259 776 131] : Monitoring loop started !
Execution times :
	User mode execution time 000s 000ms 000us 000ns
	Kernel mode execution time 000s 000ms 909us 528ns
	Total execution time 000s 000ms 909us 528ns
Context switch :
	Voluntary context switches : 12
	Involuntary context switches : 0
Scheduling informations :
	Number of times we have run on this CPU : 772502
	Time spent waiting on runqueue : 12
	Last run on a CPU : 174106s 193ms 323us 759ns
	Last queued to run : 0
Monitoring duration : 0s 000ms 007us 709ns
[000 259 783 840] : Monitoring loop ended !

===================== Iteration 1 - Syscall = 0x8e =====================
[000 257 582 287] : Monitoring loop started !
Execution times :
	User mode execution time 000s 000ms 000us 000ns
	Kernel mode execution time 000s 011ms 715us 947ns
	Total execution time 000s 011ms 715us 947ns
Context switch :
	Voluntary context switches : 279
	Involuntary context switches : 0
Scheduling informations :
	Number of times we have run on this CPU : 2995260
	Time spent waiting on runqueue : 279
	Last run on a CPU : 174106s 191ms 118us 915ns
	Last queued to run : 0
Monitoring duration : 0s 000ms 009us 739ns
[000 257 592 026] : Monitoring loop ended !

[1610317950 475 247 408] : Monitoring started, fixing this time as offset !
Execution times :
	User mode execution time 000s 035ms 123us 394ns
	Kernel mode execution time 000s 070ms 246us 786ns
	Total execution time 000s 105ms 370us 180ns
Context switch :
	Voluntary context switches : 2443
	Involuntary context switches : 4
Scheduling informations :
	Number of times we have run on this CPU : 23562131
	Time spent waiting on runqueue : 2447
	Last run on a CPU : 174106s 166ms 410us 738ns
	Last queued to run : 0
Monitoring duration : 0s 000ms 024us 167ns
[000 232 912 288] : Monitoring loop ended !

